[2025-07-25 14:58:12] POST /api/auth/login - 200 (1087ms)
[2025-07-25 14:58:38] POST /api/auth/login - 200 (273ms)
[2025-07-25 14:59:57] POST /api/auth/login - 200 (359ms)
[2025-07-25 15:00:40] POST /api/auth/login - 200 (277ms)
[2025-07-25 15:01:43] POST /api/auth/login - 200 (375ms)
[2025-07-25 15:02:57] POST /api/auth/login - 200 (295ms)
[2025-07-25 15:07:28] POST /api/auth/login - 200 (796ms)
[2025-07-25 15:10:36] POST /api/auth/login - 200 (433ms)
[2025-07-25 15:42:08] POST /api/auth/login - 200 (314ms)
[2025-07-25 15:44:40] GET /api/projects/get/projects?t=1753438480056 - 200 (35ms)
[2025-07-25 15:44:40] GET /api/users/get/users?t=1753438480063 - 200 (89ms)
[2025-07-25 15:44:40] GET /api/tasks/get/tasks?t=1753438480337 - 200 (113ms)
[2025-07-25 16:34:57] GET /api/tasks/get/tasks?t=1753441497098 - 200 (68ms)
[2025-07-25 16:34:57] GET /api/projects/get/projects?t=1753441497099 - 200 (59ms)
[2025-07-25 16:34:57] GET /api/users/get/users?t=1753441497099 - 200 (233ms)
[2025-07-25 16:34:57] GET /api/tasks/get/counts?t=1753441497100 - 200 (257ms)
[2025-07-25 16:34:59] GET /api/users/get/users?t=1753441499186 - 200 (14ms)
[2025-07-25 16:34:59] GET /api/departments/get/departments?t=1753441499188 - 200 (90ms)
[2025-07-25 16:35:01] GET /api/departments/get/departments?t=1753441501053 - 200 (35ms)
[2025-07-25 16:35:07] GET /api/departments/get/departments?t=1753441507488 - 200 (28ms)
