[2025-07-29 11:49:13] POST /api/auth/login - 200 (462ms)
[2025-07-29 11:49:13] GET /api/projects/get/projects?t=1753769953402 - 200 (11ms)
[2025-07-29 11:49:13] GET /api/users/get/users?t=1753769953404 - 200 (80ms)
[2025-07-29 11:49:13] GET /api/tasks/get/tasks?t=1753769953626 - 200 (35ms)
[2025-07-29 11:49:26] GET /api/tasks/get/tasks?t=1753769966767 - 200 (103ms)
[2025-07-29 11:49:26] GET /api/tasks/get/counts?t=1753769966768 - 200 (133ms)
[2025-07-29 11:49:26] GET /api/projects/get/projects?t=1753769966768 - 200 (70ms)
[2025-07-29 11:49:26] GET /api/users/get/users?t=1753769966768 - 200 (149ms)
[2025-07-29 11:49:58] POST /api/auth/login - 200 (242ms)
[2025-07-29 11:49:58] GET /api/projects/get/projects?t=1753769998652 - 200 (16ms)
[2025-07-29 11:49:58] GET /api/users/get/users?t=1753769998657 - 200 (31ms)
[2025-07-29 11:49:58] GET /api/tasks/get/tasks?t=1753769998762 - 200 (20ms)
[2025-07-29 11:50:00] GET /api/projects/get/projects?t=1753770000875 - 200 (20ms)
[2025-07-29 11:50:01] GET /api/tasks/get/tasks?t=1753770000874 - 200 (77ms)
[2025-07-29 11:50:01] GET /api/tasks/get/counts?t=1753770000875 - 200 (50ms)
[2025-07-29 11:50:01] GET /api/users/get/users?t=1753770000875 - 200 (79ms)
[2025-07-29 11:59:59] GET /api/tasks/get/tasks?t=1753770599645 - 200 (20ms)
[2025-07-29 11:59:59] GET /api/projects/get/projects?t=1753770599647 - 200 (20ms)
[2025-07-29 11:59:59] GET /api/tasks/get/counts?t=1753770599647 - 200 (16ms)
[2025-07-29 11:59:59] GET /api/users/get/users?t=1753770599647 - 200 (26ms)
[2025-07-29 12:00:40] GET /api/projects/get/projects?t=1753770640188 - 200 (7ms)
[2025-07-29 12:00:40] GET /api/users/get/users?t=1753770640195 - 200 (35ms)
[2025-07-29 12:00:40] GET /api/tasks/get/tasks?t=1753770640329 - 200 (37ms)
[2025-07-29 12:00:47] POST /api/auth/login - 200 (225ms)
[2025-07-29 12:00:47] GET /api/projects/get/projects?t=1753770647631 - 200 (13ms)
[2025-07-29 12:00:47] GET /api/users/get/users?t=1753770647632 - 200 (9ms)
[2025-07-29 12:00:47] GET /api/tasks/get/tasks?t=1753770647765 - 200 (26ms)
[2025-07-29 12:00:49] GET /api/projects/get/projects?t=1753770649206 - 200 (101ms)
[2025-07-29 12:00:49] GET /api/tasks/get/tasks?t=1753770649206 - 200 (75ms)
[2025-07-29 12:00:49] GET /api/tasks/get/counts?t=1753770649206 - 200 (57ms)
[2025-07-29 12:00:49] GET /api/users/get/users?t=1753770649206 - 200 (103ms)
[2025-07-29 12:01:24] GET /api/projects/get/projects?t=1753770684799 - 200 (41ms)
[2025-07-29 12:01:24] GET /api/tasks/get/tasks?t=1753770684799 - 200 (132ms)
[2025-07-29 12:01:24] GET /api/tasks/get/counts?t=1753770684800 - 200 (21ms)
[2025-07-29 12:01:24] GET /api/users/get/users?t=1753770684800 - 200 (51ms)
[2025-07-29 12:01:27] GET /api/tasks/get/tasks?t=1753770687816 - 200 (17ms)
[2025-07-29 12:01:27] GET /api/projects/get/projects?t=1753770687817 - 200 (20ms)
[2025-07-29 12:01:27] GET /api/tasks/get/counts?t=1753770687817 - 200 (6ms)
[2025-07-29 12:01:27] GET /api/users/get/users?t=1753770687817 - 200 (18ms)
[2025-07-29 12:01:58] GET /api/tasks/get/tasks?t=1753770718815 - 200 (63ms)
[2025-07-29 12:01:58] GET /api/projects/get/projects?t=1753770718816 - 200 (57ms)
[2025-07-29 12:01:58] GET /api/tasks/get/counts?t=1753770718816 - 200 (20ms)
[2025-07-29 12:01:58] GET /api/users/get/users?t=1753770718816 - 200 (64ms)
[2025-07-29 12:02:00] GET /api/projects/get/projects?t=1753770720204 - 200 (42ms)
[2025-07-29 12:02:00] GET /api/tasks/get/tasks?t=1753770720203 - 200 (61ms)
[2025-07-29 12:02:00] GET /api/users/get/users?t=1753770720204 - 200 (42ms)
[2025-07-29 12:02:00] GET /api/tasks/get/counts?t=1753770720204 - 200 (21ms)
[2025-07-29 12:52:47] GET /api/tasks/get/tasks?t=1753773767180 - 200 (95ms)
[2025-07-29 12:52:47] GET /api/users/get/users?t=1753773767182 - 200 (95ms)
[2025-07-29 12:52:47] GET /api/projects/get/projects?t=1753773767181 - 200 (78ms)
[2025-07-29 12:52:47] GET /api/tasks/get/counts?t=1753773767182 - 200 (77ms)
[2025-07-29 13:11:35] POST /api/auth/forgot-password - 200 (3871ms)
[2025-07-29 13:19:38] POST /api/auth/forgot-password - 200 (2662ms)
[2025-07-29 13:24:14] POST /api/auth/login - 200 (312ms)
[2025-07-29 13:24:14] GET /api/projects/get/projects?t=1753775654441 - 200 (13ms)
[2025-07-29 13:24:14] GET /api/users/get/users?t=1753775654443 - 200 (71ms)
[2025-07-29 13:24:14] GET /api/tasks/get/tasks?t=1753775654540 - 200 (56ms)
[2025-07-29 13:24:24] POST /api/auth/forgot-password - 200 (2736ms)
[2025-07-29 13:50:35] POST /api/auth/forgot-password - 200 (2831ms)
[2025-07-29 14:02:22] POST /api/auth/forgot-password - 200 (3029ms)
[2025-07-29 15:11:43] POST /api/auth/forgot-password - 200 (3110ms)
[2025-07-29 15:37:10] POST /api/auth/forgot-password - 200 (2976ms)
[2025-07-29 15:39:13] POST /api/auth/forgot-password - 200 (3339ms)
[2025-07-29 15:47:18] POST /api/auth/forgot-password - 200 (2654ms)
[2025-07-29 15:47:35] POST /api/auth/login - 200 (419ms)
[2025-07-29 15:47:35] GET /api/users/get/users?t=1753784255325 - 200 (62ms)
[2025-07-29 15:47:35] GET /api/projects/get/projects?t=1753784255322 - 200 (81ms)
[2025-07-29 15:47:35] GET /api/tasks/get/tasks?t=1753784255470 - 200 (43ms)
[2025-07-29 16:09:29] POST /api/auth/forgot-password - 200 (2802ms)
[2025-07-29 16:28:17] POST /api/auth/forgot-password - 200 (2675ms)
[2025-07-29 16:35:47] POST /api/auth/forgot-password - 200 (2599ms)
[2025-07-29 16:36:31] POST /api/auth/login - 200 (303ms)
[2025-07-29 16:36:31] GET /api/projects/get/projects?t=1753787191937 - 200 (25ms)
[2025-07-29 16:36:32] GET /api/users/get/users?t=1753787191939 - 200 (91ms)
[2025-07-29 16:36:32] GET /api/tasks/get/tasks?t=1753787192061 - 200 (35ms)
[2025-07-29 16:36:35] GET /api/tasks/get/tasks?t=1753787195179 - 200 (35ms)
[2025-07-29 16:36:35] GET /api/projects/get/projects?t=1753787195179 - 200 (50ms)
[2025-07-29 16:36:35] GET /api/users/get/users?t=1753787195179 - 200 (77ms)
[2025-07-29 16:36:35] GET /api/tasks/get/counts?t=1753787195179 - 200 (140ms)
[2025-07-29 16:36:36] GET /api/projects/get/projects?t=1753787195904 - 200 (12ms)
[2025-07-29 16:36:36] GET /api/users/get/users?t=1753787195905 - 200 (16ms)
[2025-07-29 16:36:36] GET /api/tasks/get/tasks?t=1753787196111 - 200 (18ms)
[2025-07-29 16:42:41] POST /api/auth/forgot-password - 200 (2754ms)
[2025-07-29 16:43:08] POST /api/auth/login - 200 (690ms)
[2025-07-29 16:43:08] GET /api/projects/get/projects?t=1753787588901 - 200 (62ms)
[2025-07-29 16:43:09] GET /api/users/get/users?t=1753787588907 - 200 (119ms)
[2025-07-29 16:43:09] GET /api/tasks/get/tasks?t=1753787589076 - 200 (41ms)
[2025-07-29 16:43:12] GET /api/tasks/get/tasks?t=1753787592802 - 200 (21ms)
[2025-07-29 16:43:12] GET /api/projects/get/projects?t=1753787592802 - 200 (19ms)
[2025-07-29 16:43:12] GET /api/users/get/users?t=1753787592802 - 200 (91ms)
[2025-07-29 16:43:12] GET /api/tasks/get/counts?t=1753787592802 - 200 (115ms)
[2025-07-29 16:54:35] POST /api/auth/forgot-password - 200 (2534ms)
[2025-07-29 17:02:48] POST /api/auth/forgot-password - 200 (2799ms)
[2025-07-29 17:17:09] POST /api/auth/forgot-password - 200 (2658ms)
[2025-07-29 17:20:05] POST /api/auth/forgot-password - 200 (2943ms)
[2025-07-29 17:32:23] POST /api/auth/forgot-password - 200 (3385ms)
[2025-07-29 17:36:01] POST /api/auth/forgot-password - 200 (2810ms)
[2025-07-29 18:17:33] POST /api/auth/forgot-password - 200 (2952ms)
[2025-07-29 18:24:39] POST /api/auth/forgot-password - 200 (2792ms)
[2025-07-29 18:46:16] POST /api/auth/forgot-password - 200 (3488ms)
[2025-07-29 19:21:14] GET /api/departments/get/departments?t=1753797071990 - 200 (980ms)
[2025-07-29 19:26:19] GET /api/departments/get/departments?t=1753797378588 - 200 (341ms)
[2025-07-29 19:26:23] GET /api/departments/get/departments?t=1753797383061 - 200 (369ms)
[2025-07-29 19:28:37] GET /api/departments/get/departments?t=1753797516601 - 200 (556ms)
[2025-07-29 19:30:47] GET /api/departments/get/departments?t=1753797646816 - 200 (179ms)
[2025-07-29 19:31:04] GET /api/departments/get/departments?t=1753797664409 - 200 (72ms)
[2025-07-29 19:32:45] GET /api/departments/get/departments?t=1753797765191 - 200 (135ms)
