[2025-07-31 12:53:54] POST /api/auth/login - 401 (367ms)
[2025-07-31 12:53:57] POST /api/auth/login - 200 (285ms)
[2025-07-31 12:53:58] GET /api/projects/get/projects?t=1753946638030 - 200 (21ms)
[2025-07-31 12:53:58] GET /api/users/get/users?t=1753946638032 - 200 (37ms)
[2025-07-31 12:53:58] GET /api/tasks/get/tasks?t=1753946638242 - 200 (55ms)
[2025-07-31 12:54:04] GET /api/tasks/get/tasks?t=1753946644178 - 200 (88ms)
[2025-07-31 12:54:04] GET /api/projects/get/projects?t=1753946644178 - 200 (49ms)
[2025-07-31 12:54:04] GET /api/users/get/users?t=1753946644178 - 200 (102ms)
[2025-07-31 12:54:04] GET /api/tasks/get/counts?t=1753946644178 - 200 (83ms)
[2025-07-31 12:54:06] GET /api/tasks/get/task/129/comments - 200 (35ms)
[2025-07-31 12:54:18] GET /api/tasks/get/tasks?t=1753946658169 - 200 (73ms)
[2025-07-31 12:54:18] GET /api/projects/get/projects?t=1753946658169 - 200 (85ms)
[2025-07-31 12:54:18] GET /api/tasks/get/counts?t=1753946658169 - 200 (46ms)
[2025-07-31 12:54:18] GET /api/users/get/users?t=1753946658169 - 200 (79ms)
[2025-07-31 12:54:25] POST /api/auth/login - 200 (217ms)
[2025-07-31 12:54:25] GET /api/projects/get/projects?t=1753946665336 - 200 (17ms)
[2025-07-31 12:54:25] GET /api/users/get/users?t=1753946665337 - 200 (51ms)
[2025-07-31 12:54:25] GET /api/tasks/get/tasks?t=1753946665465 - 200 (24ms)
[2025-07-31 12:54:29] GET /api/tasks/get/tasks?t=1753946669020 - 200 (65ms)
[2025-07-31 12:54:29] GET /api/tasks/get/counts?t=1753946669020 - 200 (45ms)
[2025-07-31 12:54:29] GET /api/projects/get/projects?t=1753946669020 - 200 (39ms)
[2025-07-31 12:54:29] GET /api/users/get/users?t=1753946669020 - 200 (60ms)
[2025-07-31 12:54:31] GET /api/tasks/get/task/129/comments - 200 (13ms)
[2025-07-31 12:54:37] GET /api/projects/get/projects?t=1753946677229 - 200 (13ms)
[2025-07-31 12:54:37] GET /api/users/get/users?t=1753946677230 - 200 (111ms)
[2025-07-31 12:54:37] GET /api/tasks/get/tasks?t=1753946677449 - 200 (16ms)
[2025-07-31 12:54:39] GET /api/tasks/get/tasks?t=1753946679819 - 200 (39ms)
[2025-07-31 12:54:39] GET /api/tasks/get/counts?t=1753946679820 - 200 (40ms)
[2025-07-31 12:54:39] GET /api/projects/get/projects?t=1753946679820 - 200 (47ms)
[2025-07-31 12:54:40] GET /api/users/get/users?t=1753946679820 - 200 (68ms)
[2025-07-31 12:54:52] GET /api/tasks/get/tasks?t=1753946691869 - 200 (95ms)
[2025-07-31 12:54:52] GET /api/projects/get/projects?t=1753946691869 - 200 (32ms)
[2025-07-31 12:54:52] GET /api/tasks/get/counts?t=1753946691870 - 200 (22ms)
[2025-07-31 12:54:52] GET /api/users/get/users?t=1753946691870 - 200 (51ms)
[2025-07-31 12:55:42] POST /api/auth/login - 200 (240ms)
[2025-07-31 12:55:42] GET /api/projects/get/projects?t=1753946742760 - 200 (67ms)
[2025-07-31 12:55:42] GET /api/users/get/users?t=1753946742762 - 200 (17ms)
[2025-07-31 12:55:42] GET /api/tasks/get/tasks?t=1753946742959 - 200 (8ms)
[2025-07-31 12:55:45] GET /api/tasks/get/tasks?t=1753946745136 - 200 (60ms)
[2025-07-31 12:55:45] GET /api/tasks/get/counts?t=1753946745136 - 200 (46ms)
[2025-07-31 12:55:45] GET /api/projects/get/projects?t=1753946745136 - 200 (39ms)
[2025-07-31 12:55:45] GET /api/users/get/users?t=1753946745136 - 200 (62ms)
[2025-07-31 12:55:46] GET /api/tasks/get/task/129/comments - 200 (10ms)
[2025-07-31 12:58:10] GET /api/tasks/get/tasks?t=1753946889019 - 200 (342ms)
[2025-07-31 12:58:10] GET /api/tasks/get/counts?t=1753946889022 - 200 (107ms)
[2025-07-31 12:58:10] GET /api/users/get/users?t=1753946889021 - 200 (287ms)
[2025-07-31 12:58:10] GET /api/projects/get/projects?t=1753946889021 - 200 (337ms)
[2025-07-31 12:58:14] GET /api/tasks/get/task/129/comments - 200 (17ms)
[2025-07-31 13:04:14] GET /api/tasks/get/task/129/comments - 200 (35ms)
[2025-07-31 13:04:29] PUT /api/tasks/update/task/129 - 200 (6494ms)
[2025-07-31 13:04:29] GET /api/tasks/get/tasks?t=1753947269530 - 200 (65ms)
[2025-07-31 13:04:29] GET /api/projects/get/projects?t=1753947269531 - 200 (78ms)
[2025-07-31 13:04:29] GET /api/tasks/get/counts?t=1753947269532 - 200 (71ms)
[2025-07-31 13:04:29] GET /api/users/get/users?t=1753947269532 - 200 (93ms)
[2025-07-31 14:52:38] GET /api/tasks/get/task/129/comments - 200 (255ms)
[2025-07-31 14:53:15] POST /api/auth/login - 200 (669ms)
[2025-07-31 14:53:15] GET /api/projects/get/projects?t=1753953795121 - 200 (265ms)
[2025-07-31 14:53:15] GET /api/users/get/users?t=1753953795123 - 200 (255ms)
[2025-07-31 14:53:15] GET /api/tasks/get/tasks?t=1753953795523 - 200 (47ms)
[2025-07-31 14:53:17] GET /api/tasks/get/tasks?t=1753953797430 - 200 (74ms)
[2025-07-31 14:53:17] GET /api/projects/get/projects?t=1753953797430 - 200 (49ms)
[2025-07-31 14:53:17] GET /api/tasks/get/counts?t=1753953797431 - 200 (82ms)
[2025-07-31 14:53:17] GET /api/users/get/users?t=1753953797430 - 200 (103ms)
[2025-07-31 14:53:19] GET /api/tasks/get/task/129/comments - 200 (9ms)
[2025-07-31 15:05:20] GET /api/projects/get/projects?t=1753954519607 - 200 (114ms)
[2025-07-31 15:05:20] GET /api/tasks/get/tasks?t=1753954519606 - 200 (133ms)
[2025-07-31 15:05:20] GET /api/tasks/get/counts?t=1753954519608 - 200 (160ms)
[2025-07-31 15:05:20] GET /api/users/get/users?t=1753954519608 - 200 (152ms)
[2025-07-31 15:05:23] GET /api/projects/get/projects?t=1753954523008 - 200 (49ms)
[2025-07-31 15:05:23] GET /api/tasks/get/counts?t=1753954523010 - 200 (33ms)
[2025-07-31 15:05:23] GET /api/tasks/get/tasks?t=1753954523006 - 200 (177ms)
[2025-07-31 15:05:23] GET /api/users/get/users?t=1753954523009 - 200 (117ms)
[2025-07-31 15:06:17] GET /api/tasks/get/task/129/comments - 200 (39ms)
[2025-07-31 15:09:22] GET /api/tasks/get/task/129/comments - 200 (14ms)
[2025-07-31 15:09:44] GET /api/tasks/get/task/129/comments - 200 (84ms)
[2025-07-31 15:10:30] GET /api/tasks/get/tasks?t=1753954829530 - 200 (97ms)
[2025-07-31 15:10:30] GET /api/projects/get/projects?t=1753954829532 - 200 (70ms)
[2025-07-31 15:10:30] GET /api/tasks/get/counts?t=1753954829534 - 200 (285ms)
[2025-07-31 15:10:30] GET /api/users/get/users?t=1753954829534 - 200 (420ms)
[2025-07-31 15:10:38] GET /api/tasks/get/task/129/comments - 200 (8ms)
[2025-07-31 15:10:41] PUT /api/tasks/update/task/129 - 200 (424ms)
[2025-07-31 15:11:38] GET /api/projects/get/projects?t=1753954898231 - 200 (275ms)
[2025-07-31 15:11:38] GET /api/tasks/get/tasks?t=1753954898229 - 200 (342ms)
[2025-07-31 15:11:38] GET /api/tasks/get/counts?t=1753954898232 - 200 (192ms)
[2025-07-31 15:11:39] GET /api/users/get/users?t=1753954898231 - 200 (606ms)
[2025-07-31 15:11:39] GET /api/projects/get/projects?t=1753954898449 - 200 (336ms)
[2025-07-31 15:11:39] GET /api/tasks/get/tasks?t=1753954898448 - 200 (354ms)
[2025-07-31 15:11:39] GET /api/users/get/users?t=1753954898449 - 200 (415ms)
[2025-07-31 15:11:39] GET /api/tasks/get/counts?t=1753954898450 - 200 (520ms)
[2025-07-31 15:12:05] GET /api/tasks/get/task/129/comments - 200 (41ms)
[2025-07-31 15:12:14] GET /api/tasks/get/task/129/comments - 200 (18ms)
[2025-07-31 15:12:17] PUT /api/tasks/update/task/129 - 200 (62ms)
[2025-07-31 15:18:31] GET /api/tasks/get/task/129/comments - 200 (36ms)
[2025-07-31 15:18:43] GET /api/tasks/get/tasks?t=1753955323695 - 200 (89ms)
[2025-07-31 15:18:44] GET /api/tasks/get/counts?t=1753955323697 - 200 (71ms)
[2025-07-31 15:18:44] GET /api/projects/get/projects?t=1753955323697 - 200 (215ms)
[2025-07-31 15:18:44] GET /api/users/get/users?t=1753955323697 - 200 (352ms)
[2025-07-31 15:18:53] GET /api/tasks/get/task/129/comments - 200 (32ms)
[2025-07-31 15:19:05] PUT /api/tasks/update/task/129 - 200 (656ms)
[2025-07-31 15:25:23] PUT /api/tasks/update/task/129 - 200 (408ms)
[2025-07-31 15:25:24] GET /api/tasks/get/tasks?t=1753955723591 - 200 (287ms)
[2025-07-31 15:25:24] GET /api/projects/get/projects?t=1753955723592 - 200 (58ms)
[2025-07-31 15:25:24] GET /api/tasks/get/counts?t=1753955723592 - 200 (57ms)
[2025-07-31 15:25:24] GET /api/users/get/users?t=1753955723592 - 200 (172ms)
[2025-07-31 15:25:29] GET /api/tasks/get/task/129/comments - 200 (6ms)
[2025-07-31 15:26:39] GET /api/tasks/get/task/129/comments - 200 (18ms)
[2025-07-31 15:27:21] GET /api/tasks/get/tasks?t=1753955841512 - 200 (139ms)
[2025-07-31 15:27:21] GET /api/projects/get/projects?t=1753955841513 - 200 (107ms)
[2025-07-31 15:27:21] GET /api/tasks/get/counts?t=1753955841514 - 200 (71ms)
[2025-07-31 15:27:21] GET /api/users/get/users?t=1753955841514 - 200 (100ms)
[2025-07-31 15:27:23] GET /api/tasks/get/task/129/comments - 200 (36ms)
[2025-07-31 15:29:04] POST /api/tasks/create/task - 201 (3677ms)
[2025-07-31 15:29:04] GET /api/tasks/get/tasks?t=1753955944481 - 200 (29ms)
[2025-07-31 15:29:04] GET /api/projects/get/projects?t=1753955944482 - 200 (30ms)
[2025-07-31 15:29:04] GET /api/tasks/get/counts?t=1753955944483 - 200 (19ms)
[2025-07-31 15:29:04] GET /api/users/get/users?t=1753955944483 - 200 (32ms)
[2025-07-31 15:31:08] GET /api/tasks/get/tasks?t=1753956068287 - 200 (29ms)
[2025-07-31 15:31:08] GET /api/projects/get/projects?t=1753956068289 - 200 (24ms)
[2025-07-31 15:31:08] GET /api/tasks/get/counts?t=1753956068290 - 200 (20ms)
[2025-07-31 15:31:08] GET /api/users/get/users?t=1753956068290 - 200 (42ms)
[2025-07-31 15:31:16] GET /api/projects/get/projects?t=1753956076287 - 200 (24ms)
[2025-07-31 15:31:16] GET /api/users/get/users?t=1753956076294 - 200 (22ms)
[2025-07-31 15:31:17] GET /api/tasks/get/tasks?t=1753956076513 - 200 (10ms)
[2025-07-31 15:31:23] GET /api/tasks/get/tasks?t=1753956083085 - 200 (94ms)
[2025-07-31 15:31:23] GET /api/projects/get/projects?t=1753956083085 - 200 (74ms)
[2025-07-31 15:31:23] GET /api/tasks/get/counts?t=1753956083085 - 200 (38ms)
[2025-07-31 15:31:23] GET /api/users/get/users?t=1753956083085 - 200 (57ms)
[2025-07-31 15:31:28] GET /api/tasks/get/task/130/comments - 200 (35ms)
[2025-07-31 15:32:33] GET /api/tasks/get/tasks?t=1753956153607 - 200 (198ms)
[2025-07-31 15:32:34] GET /api/projects/get/projects?t=1753956153608 - 200 (235ms)
[2025-07-31 15:32:34] GET /api/tasks/get/counts?t=1753956153610 - 200 (202ms)
[2025-07-31 15:32:34] GET /api/users/get/users?t=1753956153610 - 200 (49ms)
[2025-07-31 15:32:36] GET /api/tasks/get/task/130/comments - 200 (29ms)
[2025-07-31 15:33:09] GET /api/tasks/get/task/130/comments - 200 (5ms)
[2025-07-31 15:36:13] GET /api/tasks/get/tasks?t=1753956373595 - 200 (28ms)
[2025-07-31 15:36:13] GET /api/projects/get/projects?t=1753956373596 - 200 (27ms)
[2025-07-31 15:36:13] GET /api/tasks/get/counts?t=1753956373596 - 200 (23ms)
[2025-07-31 15:36:13] GET /api/users/get/users?t=1753956373596 - 200 (54ms)
[2025-07-31 15:38:45] GET /api/projects/get/projects?t=1753956525807 - 200 (51ms)
[2025-07-31 15:38:45] GET /api/tasks/get/tasks?t=1753956525806 - 200 (75ms)
[2025-07-31 15:38:45] GET /api/tasks/get/counts?t=1753956525807 - 200 (39ms)
[2025-07-31 15:38:45] GET /api/users/get/users?t=1753956525807 - 200 (59ms)
[2025-07-31 15:38:52] GET /api/tasks/get/tasks?t=1753956532481 - 200 (90ms)
[2025-07-31 15:38:52] GET /api/projects/get/projects?t=1753956532482 - 200 (77ms)
[2025-07-31 15:38:52] GET /api/tasks/get/counts?t=1753956532482 - 200 (81ms)
[2025-07-31 15:38:52] GET /api/users/get/users?t=1753956532482 - 200 (102ms)
[2025-07-31 15:42:13] GET /api/tasks/get/task/130/comments - 200 (4ms)
[2025-07-31 15:42:19] GET /api/tasks/get/task/129/comments - 200 (11ms)
[2025-07-31 15:42:28] PUT /api/tasks/update/task/129 - 200 (62ms)
[2025-07-31 15:42:28] GET /api/tasks/get/tasks?t=1753956748762 - 200 (25ms)
[2025-07-31 15:42:28] GET /api/tasks/get/counts?t=1753956748764 - 200 (22ms)
[2025-07-31 15:42:28] GET /api/projects/get/projects?t=1753956748763 - 200 (36ms)
[2025-07-31 15:42:28] GET /api/users/get/users?t=1753956748764 - 200 (55ms)
[2025-07-31 15:58:22] GET /api/tasks/get/tasks?t=1753957702753 - 200 (80ms)
[2025-07-31 15:58:22] GET /api/tasks/get/counts?t=1753957702755 - 200 (8ms)
[2025-07-31 15:58:22] GET /api/projects/get/projects?t=1753957702754 - 200 (79ms)
[2025-07-31 15:58:22] GET /api/users/get/users?t=1753957702755 - 200 (93ms)
[2025-07-31 15:58:26] GET /api/tasks/get/task/130/comments - 200 (21ms)
[2025-07-31 15:58:50] PUT /api/tasks/update/task/130 - 200 (136ms)
[2025-07-31 15:58:50] GET /api/projects/get/projects?t=1753957730739 - 200 (29ms)
[2025-07-31 15:58:50] GET /api/tasks/get/tasks?t=1753957730739 - 200 (46ms)
[2025-07-31 15:58:50] GET /api/users/get/users?t=1753957730739 - 200 (70ms)
[2025-07-31 15:58:50] GET /api/tasks/get/counts?t=1753957730739 - 200 (88ms)
[2025-07-31 16:03:46] GET /api/tasks/get/task/130/comments - 200 (14ms)
[2025-07-31 16:03:55] PUT /api/tasks/update/task/130 - 200 (65ms)
[2025-07-31 16:03:56] GET /api/tasks/get/tasks?t=1753958035927 - 200 (56ms)
[2025-07-31 16:03:56] GET /api/users/get/users?t=1753958035927 - 200 (63ms)
[2025-07-31 16:03:56] GET /api/tasks/get/counts?t=1753958035927 - 200 (83ms)
[2025-07-31 16:03:56] GET /api/projects/get/projects?t=1753958035927 - 200 (66ms)
[2025-07-31 16:04:15] GET /api/tasks/get/task/129/comments - 200 (19ms)
[2025-07-31 16:04:21] GET /api/tasks/get/task/128/comments - 200 (17ms)
[2025-07-31 16:04:30] PUT /api/tasks/update/task/128 - 200 (154ms)
[2025-07-31 16:04:30] GET /api/tasks/get/tasks?t=1753958070812 - 200 (39ms)
[2025-07-31 16:04:30] GET /api/projects/get/projects?t=1753958070812 - 200 (38ms)
[2025-07-31 16:04:30] GET /api/users/get/users?t=1753958070813 - 200 (49ms)
[2025-07-31 16:04:31] GET /api/tasks/get/counts?t=1753958070813 - 200 (454ms)
[2025-07-31 16:05:18] GET /api/tasks/get/task/129/comments - 200 (16ms)
[2025-07-31 16:05:24] PUT /api/tasks/update/task/129 - 200 (161ms)
[2025-07-31 16:05:24] GET /api/tasks/get/tasks?t=1753958124310 - 200 (53ms)
[2025-07-31 16:05:24] GET /api/tasks/get/counts?t=1753958124310 - 200 (62ms)
[2025-07-31 16:05:24] GET /api/projects/get/projects?t=1753958124310 - 200 (64ms)
[2025-07-31 16:05:24] GET /api/users/get/users?t=1753958124310 - 200 (89ms)
[2025-07-31 16:06:28] GET /api/tasks/get/task/129/comments - 200 (11ms)
[2025-07-31 16:06:36] PUT /api/tasks/update/task/129 - 200 (94ms)
[2025-07-31 16:06:36] GET /api/tasks/get/tasks?t=1753958196590 - 200 (49ms)
[2025-07-31 16:06:36] GET /api/projects/get/projects?t=1753958196591 - 200 (49ms)
[2025-07-31 16:06:36] GET /api/tasks/get/counts?t=1753958196591 - 200 (41ms)
[2025-07-31 16:06:36] GET /api/users/get/users?t=1753958196591 - 200 (67ms)
[2025-07-31 16:07:33] GET /api/tasks/get/task/129/comments - 200 (68ms)
[2025-07-31 16:07:44] PUT /api/tasks/update/task/129 - 200 (137ms)
[2025-07-31 16:07:45] GET /api/tasks/get/tasks?t=1753958265015 - 200 (36ms)
[2025-07-31 16:07:45] GET /api/tasks/get/counts?t=1753958265025 - 200 (31ms)
[2025-07-31 16:07:45] GET /api/projects/get/projects?t=1753958265016 - 200 (51ms)
[2025-07-31 16:07:45] GET /api/users/get/users?t=1753958265024 - 200 (54ms)
[2025-07-31 16:10:47] GET /api/tasks/get/task/130/comments - 200 (19ms)
[2025-07-31 16:10:54] PUT /api/tasks/update/task/130 - 200 (288ms)
[2025-07-31 16:10:54] GET /api/tasks/get/tasks?t=1753958454217 - 200 (170ms)
[2025-07-31 16:10:54] GET /api/projects/get/projects?t=1753958454217 - 200 (107ms)
[2025-07-31 16:10:54] GET /api/tasks/get/counts?t=1753958454217 - 200 (44ms)
[2025-07-31 16:10:55] GET /api/users/get/users?t=1753958454217 - 200 (142ms)
[2025-07-31 16:11:54] GET /api/tasks/get/task/127/comments - 200 (8ms)
[2025-07-31 16:12:08] PUT /api/tasks/update/task/127 - 200 (535ms)
[2025-07-31 16:12:08] GET /api/tasks/get/tasks?t=1753958528653 - 200 (33ms)
[2025-07-31 16:12:08] GET /api/tasks/get/counts?t=1753958528653 - 200 (32ms)
[2025-07-31 16:12:08] GET /api/projects/get/projects?t=1753958528653 - 200 (31ms)
[2025-07-31 16:12:08] GET /api/users/get/users?t=1753958528653 - 200 (54ms)
[2025-07-31 16:15:26] GET /api/tasks/get/task/130/comments - 200 (18ms)
[2025-07-31 16:15:33] PUT /api/tasks/update/task/130 - 200 (269ms)
[2025-07-31 16:15:34] GET /api/tasks/get/tasks?t=1753958733670 - 200 (260ms)
[2025-07-31 16:15:34] GET /api/tasks/get/counts?t=1753958733672 - 200 (227ms)
[2025-07-31 16:15:34] GET /api/projects/get/projects?t=1753958733671 - 200 (384ms)
[2025-07-31 16:15:34] GET /api/users/get/users?t=1753958733672 - 200 (433ms)
[2025-07-31 16:18:27] GET /api/tasks/get/task/130/comments - 200 (25ms)
[2025-07-31 16:18:34] PUT /api/tasks/update/task/130 - 200 (368ms)
[2025-07-31 16:18:35] GET /api/tasks/get/tasks?t=1753958914679 - 200 (298ms)
[2025-07-31 16:18:35] GET /api/users/get/users?t=1753958914680 - 200 (290ms)
[2025-07-31 16:18:35] GET /api/tasks/get/counts?t=1753958914680 - 200 (313ms)
[2025-07-31 16:18:35] GET /api/projects/get/projects?t=1753958914679 - 200 (406ms)
[2025-07-31 16:21:38] GET /api/tasks/get/task/130/comments - 200 (68ms)
[2025-07-31 16:21:51] PUT /api/tasks/update/task/130 - 200 (5911ms)
[2025-07-31 16:21:52] GET /api/tasks/get/tasks?t=1753959111926 - 200 (63ms)
[2025-07-31 16:21:52] GET /api/projects/get/projects?t=1753959111926 - 200 (277ms)
[2025-07-31 16:21:52] GET /api/tasks/get/counts?t=1753959111926 - 200 (35ms)
[2025-07-31 16:21:52] GET /api/users/get/users?t=1753959111926 - 200 (351ms)
[2025-07-31 16:25:56] GET /api/tasks/get/task/130/comments - 200 (8ms)
[2025-07-31 16:26:07] GET /api/tasks/get/task/130/comments - 200 (5ms)
[2025-07-31 16:26:17] PUT /api/tasks/update/task/130 - 200 (77ms)
[2025-07-31 16:26:18] GET /api/tasks/get/tasks?t=1753959377989 - 200 (48ms)
[2025-07-31 16:26:18] GET /api/projects/get/projects?t=1753959377990 - 200 (40ms)
[2025-07-31 16:26:18] GET /api/tasks/get/counts?t=1753959377991 - 200 (35ms)
[2025-07-31 16:26:18] GET /api/users/get/users?t=1753959377991 - 200 (54ms)
[2025-07-31 16:26:23] GET /api/tasks/get/task/127/comments - 200 (10ms)
[2025-07-31 16:26:27] GET /api/tasks/get/task/128/comments - 200 (22ms)
[2025-07-31 16:26:38] GET /api/users/get/users?t=1753959398104 - 200 (8ms)
[2025-07-31 16:26:38] GET /api/departments/get/departments?t=1753959398105 - 200 (378ms)
[2025-07-31 16:26:45] PUT /api/users/update/user/18 - 200 (33ms)
[2025-07-31 16:26:45] GET /api/users/get/users?t=1753959405148 - 200 (19ms)
[2025-07-31 16:27:41] PUT /api/users/update/user/18 - 200 (40ms)
[2025-07-31 16:27:41] GET /api/users/get/users?t=1753959461041 - 200 (7ms)
[2025-07-31 16:27:59] POST /api/auth/login - 403 (29ms)
[2025-07-31 16:28:05] POST /api/auth/login - 403 (36ms)
[2025-07-31 16:28:07] POST /api/auth/login - 403 (64ms)
[2025-07-31 16:28:16] PUT /api/users/update/user/18 - 200 (36ms)
[2025-07-31 16:28:16] GET /api/users/get/users?t=1753959496444 - 200 (33ms)
[2025-07-31 16:28:21] POST /api/auth/login - 200 (262ms)
[2025-07-31 16:28:21] GET /api/projects/get/projects?t=1753959501848 - 200 (3ms)
[2025-07-31 16:28:22] GET /api/users/get/users?t=1753959501849 - 200 (18ms)
[2025-07-31 16:28:22] GET /api/tasks/get/tasks?t=1753959502113 - 200 (7ms)
[2025-07-31 16:28:37] POST /api/auth/login - 200 (199ms)
[2025-07-31 16:28:37] GET /api/projects/get/projects?t=1753959517322 - 200 (7ms)
[2025-07-31 16:28:37] GET /api/users/get/users?t=1753959517323 - 200 (16ms)
[2025-07-31 16:28:37] GET /api/tasks/get/tasks?t=1753959517411 - 200 (3ms)
[2025-07-31 16:28:44] GET /api/tasks/get/tasks?t=1753959524025 - 200 (31ms)
[2025-07-31 16:28:44] GET /api/projects/get/projects?t=1753959524025 - 200 (73ms)
[2025-07-31 16:28:44] GET /api/tasks/get/counts?t=1753959524026 - 200 (10ms)
[2025-07-31 16:28:44] GET /api/users/get/users?t=1753959524025 - 200 (37ms)
[2025-07-31 16:28:46] GET /api/tasks/get/task/95/comments - 200 (8ms)
[2025-07-31 16:28:54] GET /api/projects/get/projects?t=1753959533938 - 200 (5ms)
[2025-07-31 16:28:54] GET /api/users/get/users?t=1753959533939 - 200 (34ms)
[2025-07-31 16:28:54] GET /api/tasks/get/tasks?t=1753959534053 - 200 (13ms)
[2025-07-31 17:06:17] GET /api/projects/get/projects?t=1753961777222 - 200 (9ms)
[2025-07-31 17:06:17] GET /api/users/get/users?t=1753961777224 - 200 (6ms)
[2025-07-31 17:06:17] GET /api/tasks/get/tasks?t=1753961777370 - 200 (11ms)
[2025-07-31 17:06:19] GET /api/tasks/get/tasks?t=1753961778940 - 200 (18ms)
[2025-07-31 17:06:19] GET /api/projects/get/projects?t=1753961778941 - 200 (17ms)
[2025-07-31 17:06:19] GET /api/tasks/get/counts?t=1753961778941 - 200 (13ms)
[2025-07-31 17:06:19] GET /api/users/get/users?t=1753961778941 - 200 (26ms)
[2025-07-31 17:06:19] GET /api/departments/get/departments?t=1753961779877 - 200 (37ms)
[2025-07-31 17:06:19] GET /api/users/get/users?t=1753961779874 - 200 (53ms)
