[2025-07-30 12:28:43] POST /api/auth/login - 200 (481ms)
[2025-07-30 12:28:43] GET /api/tasks/get/tasks?t=1753858723604 - 200 (24ms)
[2025-07-30 12:28:43] GET /api/users/get/users?t=1753858723422 - 200 (85ms)
[2025-07-30 12:28:43] GET /api/projects/get/projects?t=1753858723420 - 200 (103ms)
[2025-07-30 12:28:56] POST /api/auth/forgot-password - 200 (2678ms)
[2025-07-30 12:35:03] POST /api/auth/reset-password - 200 (184ms)
[2025-07-30 12:37:45] POST /api/auth/login - 401 (281ms)
[2025-07-30 12:37:50] POST /api/auth/login - 200 (257ms)
[2025-07-30 12:37:50] GET /api/projects/get/projects?t=1753859270594 - 200 (15ms)
[2025-07-30 12:37:50] GET /api/users/get/users?t=1753859270596 - 200 (44ms)
[2025-07-30 12:37:50] GET /api/tasks/get/tasks?t=1753859270692 - 200 (21ms)
[2025-07-30 12:39:52] POST /api/auth/forgot-password - 200 (2682ms)
[2025-07-30 12:40:28] POST /api/auth/reset-password - 200 (193ms)
[2025-07-30 12:40:40] POST /api/auth/login - 401 (281ms)
[2025-07-30 12:40:44] POST /api/auth/login - 401 (320ms)
[2025-07-30 12:40:47] POST /api/auth/login - 200 (263ms)
[2025-07-30 12:40:47] GET /api/projects/get/projects?t=1753859447776 - 200 (14ms)
[2025-07-30 12:40:47] GET /api/users/get/users?t=1753859447779 - 200 (14ms)
[2025-07-30 12:40:47] GET /api/tasks/get/tasks?t=1753859447872 - 200 (14ms)
[2025-07-30 12:43:04] GET /api/projects/get/projects?t=1753859584616 - 200 (32ms)
[2025-07-30 12:43:04] GET /api/users/get/users?t=1753859584618 - 200 (58ms)
[2025-07-30 12:43:04] GET /api/tasks/get/tasks?t=1753859584787 - 200 (23ms)
[2025-07-30 12:43:07] GET /api/projects/get/projects?t=1753859587173 - 200 (3ms)
[2025-07-30 12:43:07] GET /api/users/get/users?t=1753859587190 - 200 (9ms)
[2025-07-30 12:43:07] GET /api/tasks/get/tasks?t=1753859587326 - 200 (10ms)
[2025-07-30 12:47:27] GET /api/projects/get/projects?t=1753859847491 - 200 (32ms)
[2025-07-30 12:47:27] GET /api/tasks/get/tasks?t=1753859847491 - 200 (61ms)
[2025-07-30 12:47:27] GET /api/users/get/users?t=1753859847491 - 200 (66ms)
[2025-07-30 12:47:27] GET /api/tasks/get/counts?t=1753859847491 - 200 (66ms)
