[2025-08-02 13:04:05] POST /api/auth/login - 200 (440ms)
[2025-08-02 13:04:05] GET /api/users/get/users?t=1754120045099 - 200 (59ms)
[2025-08-02 13:04:05] GET /api/projects/get/projects?t=1754120045091 - 200 (45ms)
[2025-08-02 13:04:05] GET /api/tasks/get/tasks?t=1754120045279 - 200 (44ms)
[2025-08-02 13:04:07] GET /api/tasks/get/tasks?t=1754120047403 - 200 (85ms)
[2025-08-02 13:04:07] GET /api/projects/get/projects?t=1754120047404 - 200 (79ms)
[2025-08-02 13:04:07] GET /api/tasks/get/counts?t=1754120047404 - 200 (67ms)
[2025-08-02 13:04:07] GET /api/users/get/users?t=1754120047404 - 200 (95ms)
[2025-08-02 13:04:08] GET /api/departments/get/departments?t=1754120048782 - 200 (177ms)
[2025-08-02 13:04:13] GET /api/departments/get/departments?t=1754120053488 - 200 (173ms)
[2025-08-02 13:04:33] GET /api/departments/get/departments?t=1754120072830 - 200 (240ms)
[2025-08-02 13:04:33] GET /api/users/get/users?t=1754120072828 - 200 (573ms)
[2025-08-02 13:04:38] GET /api/departments/get/departments?t=1754120077610 - 200 (330ms)
[2025-08-02 13:04:38] GET /api/users/get/users?t=1754120077608 - 200 (595ms)
[2025-08-02 13:04:41] GET /api/departments/get/departments?t=1754120081784 - 200 (63ms)
[2025-08-02 13:04:41] GET /api/users/get/users?t=1754120081778 - 200 (121ms)
[2025-08-02 13:04:45] GET /api/departments/get/departments?t=1754120085630 - 200 (63ms)
[2025-08-02 13:04:45] GET /api/users/get/users?t=1754120085628 - 200 (82ms)
[2025-08-02 13:09:17] GET /api/departments/get/departments?t=1754120357832 - 200 (20ms)
[2025-08-02 13:09:17] GET /api/users/get/users?t=1754120357828 - 200 (28ms)
[2025-08-02 13:13:22] GET /api/departments/get/departments?t=1754120602109 - 200 (15ms)
[2025-08-02 13:13:22] GET /api/users/get/users?t=1754120602108 - 200 (20ms)
[2025-08-02 13:14:42] GET /api/departments/get/departments?t=1754120682706 - 200 (32ms)
[2025-08-02 13:14:42] GET /api/users/get/users?t=1754120682705 - 200 (40ms)
[2025-08-02 13:15:19] GET /api/departments/get/departments?t=1754120719872 - 200 (24ms)
[2025-08-02 13:15:19] GET /api/users/get/users?t=1754120719869 - 200 (30ms)
[2025-08-02 13:15:34] GET /api/departments/get/departments?t=1754120734297 - 200 (35ms)
[2025-08-02 13:15:34] GET /api/users/get/users?t=1754120734295 - 200 (51ms)
[2025-08-02 13:17:55] GET /api/departments/get/departments?t=1754120875912 - 200 (35ms)
[2025-08-02 13:17:55] GET /api/users/get/users?t=1754120875905 - 200 (54ms)
[2025-08-02 13:18:33] GET /api/departments/get/departments?t=1754120913482 - 200 (27ms)
[2025-08-02 13:18:33] GET /api/users/get/users?t=1754120913476 - 200 (38ms)
[2025-08-02 13:18:57] GET /api/departments/get/departments?t=1754120937599 - 200 (125ms)
[2025-08-02 13:18:57] GET /api/users/get/users?t=1754120937598 - 200 (162ms)
[2025-08-02 13:19:01] GET /api/departments/get/departments?t=1754120941823 - 200 (66ms)
[2025-08-02 13:19:01] GET /api/users/get/users?t=1754120941821 - 200 (84ms)
[2025-08-02 13:19:20] GET /api/departments/get/departments?t=1754120960117 - 200 (78ms)
[2025-08-02 13:19:20] GET /api/users/get/users?t=1754120960115 - 200 (92ms)
[2025-08-02 13:19:28] PUT /api/users/update/user/1 - 200 (126ms)
[2025-08-02 13:19:28] GET /api/users/get/users?t=1754120968318 - 200 (57ms)
[2025-08-02 13:20:15] GET /api/users/get/users?t=1754121015462 - 200 (9ms)
[2025-08-02 13:20:15] GET /api/departments/get/departments?t=1754121015463 - 200 (96ms)
[2025-08-02 13:20:25] GET /api/departments/get/departments?t=1754121025305 - 200 (79ms)
[2025-08-02 13:20:25] GET /api/users/get/users?t=1754121025303 - 200 (91ms)
[2025-08-02 13:20:30] GET /api/departments/get/departments?t=1754121030341 - 200 (73ms)
[2025-08-02 13:20:30] GET /api/users/get/users?t=1754121030339 - 200 (96ms)
[2025-08-02 13:20:38] PUT /api/users/update/user/1 - 200 (70ms)
[2025-08-02 13:20:38] GET /api/users/get/users?t=1754121038434 - 200 (17ms)
[2025-08-02 13:20:42] GET /api/departments/get/departments?t=1754121042277 - 200 (80ms)
[2025-08-02 13:20:42] GET /api/users/get/users?t=1754121042276 - 200 (88ms)
[2025-08-02 13:20:59] GET /api/departments/get/departments?t=1754121059766 - 200 (66ms)
[2025-08-02 13:20:59] GET /api/users/get/users?t=1754121059764 - 200 (78ms)
[2025-08-02 13:21:18] GET /api/departments/get/departments?t=1754121078785 - 200 (21ms)
[2025-08-02 13:21:18] GET /api/users/get/users?t=1754121078784 - 200 (29ms)
[2025-08-02 13:25:51] GET /api/tasks/get/tasks?t=1754121351784 - 200 (34ms)
[2025-08-02 13:25:51] GET /api/projects/get/projects?t=1754121351785 - 200 (33ms)
[2025-08-02 13:25:51] GET /api/tasks/get/counts?t=1754121351786 - 200 (50ms)
[2025-08-02 13:25:51] GET /api/users/get/users?t=1754121351785 - 200 (70ms)
[2025-08-02 13:25:56] GET /api/departments/get/departments?t=1754121356804 - 200 (81ms)
[2025-08-02 13:25:56] GET /api/users/get/users?t=1754121356802 - 200 (93ms)
[2025-08-02 13:30:00] GET /api/tasks/get/tasks?t=1754121600383 - 200 (39ms)
[2025-08-02 13:30:00] GET /api/tasks/get/counts?t=1754121600385 - 200 (16ms)
[2025-08-02 13:30:00] GET /api/projects/get/projects?t=1754121600384 - 200 (12ms)
[2025-08-02 13:30:00] GET /api/users/get/users?t=1754121600385 - 200 (35ms)
