
[2025-07-19 16:25:55] GET /api/projects/get/projects - 304 (46ms)
[2025-07-19 16:25:55] GET /api/users/get/users - 304 (98ms)
[2025-07-19 16:25:55] GET /api/projects/get/projects - 304 (49ms)
[2025-07-19 16:25:55] GET /api/tasks/get/tasks - 304 (37ms)
[2025-07-19 16:26:14] GET /api/tasks/get/tasks - 304 (20ms)
[2025-07-19 16:26:14] GET /api/projects/get/projects - 304 (25ms)
[2025-07-19 16:26:14] GET /api/tasks/get/counts - 304 (22ms)
[2025-07-19 16:26:14] GET /api/users/get/users - 304 (43ms)
[2025-07-19 16:26:14] GET /api/tasks/get/tasks - 304 (11ms)
[2025-07-19 16:26:35] GET /api/departments/get/departments - 304 (37ms)
[2025-07-19 16:26:35] GET /api/users/get/users - 304 (32ms)
[2025-07-19 16:27:58] GET /api/departments/get/departments - 304 (74ms)
[2025-07-19 16:29:01] GET /api/departments/get/departments - 304 (33ms)
[2025-07-19 16:29:39] GET /api/departments/get/departments - 304 (85ms)
[2025-07-19 16:29:39] GET /api/users/get/users - 304 (92ms)
[2025-07-19 16:30:03] GET /api/projects/get/projects - 304 (30ms)
[2025-07-19 16:30:03] GET /api/tasks/get/tasks - 304 (42ms)
[2025-07-19 16:30:03] GET /api/tasks/get/counts - 304 (37ms)
[2025-07-19 16:30:03] GET /api/users/get/users - 304 (81ms)
[2025-07-19 16:30:03] GET /api/tasks/get/tasks - 304 (64ms)
[2025-07-19 16:30:06] GET /api/tasks/get/task/129/comments - 200 (66ms)
[2025-07-19 16:30:33] GET /api/tasks/get/tasks - 304 (6ms)
[2025-07-19 16:31:04] GET /api/tasks/get/tasks - 304 (8ms)
[2025-07-19 16:31:34] GET /api/tasks/get/tasks - 304 (51ms)
[2025-07-19 16:32:04] GET /api/tasks/get/tasks - 304 (16ms)
[2025-07-19 16:32:34] GET /api/tasks/get/tasks - 304 (59ms)
[2025-07-19 16:33:37] GET /api/tasks/get/tasks - 304 (12ms)
[2025-07-19 16:34:37] GET /api/tasks/get/tasks - 304 (7ms)
[2025-07-19 16:35:37] GET /api/tasks/get/tasks - 304 (11ms)
[2025-07-19 16:36:37] GET /api/tasks/get/tasks - 304 (6ms)
[2025-07-19 16:37:37] GET /api/tasks/get/tasks - 304 (10ms)
[2025-07-19 16:38:37] GET /api/tasks/get/tasks - 304 (7ms)
[2025-07-19 16:39:37] GET /api/tasks/get/tasks - 304 (22ms)
[2025-07-19 16:40:37] GET /api/tasks/get/tasks - 304 (17ms)
[2025-07-19 16:41:37] GET /api/tasks/get/tasks - 304 (11ms)
[2025-07-19 16:42:37] GET /api/tasks/get/tasks - 304 (16ms)
[2025-07-19 16:43:37] GET /api/tasks/get/tasks - 304 (7ms)
[2025-07-19 16:44:37] GET /api/tasks/get/tasks - 304 (11ms)
[2025-07-19 16:45:37] GET /api/tasks/get/tasks - 304 (10ms)
[2025-07-19 16:46:37] GET /api/tasks/get/tasks - 304 (10ms)
[2025-07-19 16:47:37] GET /api/tasks/get/tasks - 304 (13ms)
[2025-07-19 16:48:37] GET /api/tasks/get/tasks - 304 (11ms)
[2025-07-19 16:49:37] GET /api/tasks/get/tasks - 304 (7ms)
[2025-07-19 16:50:05] GET /api/tasks/get/tasks?t=1752924005096 - 200 (17ms)
[2025-07-19 16:50:05] GET /api/projects/get/projects - 304 (17ms)
[2025-07-19 16:50:05] GET /api/tasks/get/counts - 304 (15ms)
[2025-07-19 16:50:05] GET /api/users/get/users - 304 (93ms)
[2025-07-19 16:50:05] GET /api/tasks/get/tasks?t=1752924005185 - 200 (54ms)
[2025-07-19 16:50:26] GET /api/projects/get/projects - 304 (3ms)
[2025-07-19 16:50:26] GET /api/projects/get/projects - 304 (15ms)
[2025-07-19 16:50:26] GET /api/users/get/users - 304 (68ms)
[2025-07-19 16:50:26] GET /api/tasks/get/tasks?t=1752924026793 - 200 (25ms)
[2025-07-19 16:50:28] GET /api/projects/get/projects - 304 (22ms)
[2025-07-19 16:50:28] GET /api/tasks/get/tasks?t=1752924028129 - 200 (44ms)
[2025-07-19 16:50:28] GET /api/users/get/users - 304 (160ms)
[2025-07-19 16:50:28] GET /api/tasks/get/tasks?t=1752924028170 - 200 (32ms)
[2025-07-19 16:50:28] GET /api/tasks/get/counts - 304 (33ms)
[2025-07-19 16:50:29] GET /api/departments/get/departments - 304 (33ms)
[2025-07-19 16:50:29] GET /api/users/get/users - 304 (49ms)
[2025-07-19 16:50:29] GET /api/departments/get/departments - 304 (55ms)
[2025-07-19 16:55:05] GET /api/departments/get/departments - 304 (25ms)
[2025-07-19 16:55:31] GET /api/departments/get/departments - 304 (33ms)
[2025-07-19 16:55:55] GET /api/departments/get/departments - 304 (15ms)
[2025-07-19 17:02:34] GET /api/departments/get/departments - 304 (19ms)
[2025-07-19 17:05:34] GET /api/departments/get/departments - 304 (30ms)
[2025-07-19 17:05:38] GET /api/departments/get/departments - 304 (106ms)
[2025-07-19 17:05:38] GET /api/users/get/users?t=1752924938142 - 200 (169ms)
[2025-07-19 17:05:40] GET /api/tasks/get/tasks?t=1752924939586 - 200 (505ms)
[2025-07-19 17:05:40] GET /api/projects/get/projects?t=1752924939593 - 200 (178ms)
[2025-07-19 17:05:40] GET /api/users/get/users?t=1752924939595 - 200 (230ms)
[2025-07-19 17:05:40] GET /api/tasks/get/counts - 304 (78ms)
[2025-07-19 17:05:40] GET /api/projects/get/projects?t=1752924940197 - 200 (71ms)
[2025-07-19 17:05:40] GET /api/projects/get/projects?t=1752924940200 - 200 (83ms)
[2025-07-19 17:05:40] GET /api/users/get/users?t=1752924940224 - 200 (157ms)
[2025-07-19 17:05:41] GET /api/tasks/get/tasks?t=1752924940965 - 200 (17ms)
[2025-07-19 17:06:23] GET /api/departments/get/departments - 304 (105ms)
[2025-07-19 17:11:26] GET /api/departments/get/departments - 304 (34ms)
[2025-07-19 17:13:13] GET /api/departments/get/departments - 304 (43ms)
[2025-07-19 17:13:16] GET /api/departments/get/departments - 304 (75ms)
[2025-07-19 17:13:16] GET /api/users/get/users?t=1752925395783 - 200 (149ms)
[2025-07-19 17:13:16] GET /api/tasks/get/tasks?t=1752925396561 - 200 (58ms)
[2025-07-19 17:13:16] GET /api/tasks/get/counts?t=1752925396570 - 200 (45ms)
[2025-07-19 17:13:16] GET /api/projects/get/projects?t=1752925396564 - 200 (93ms)
[2025-07-19 17:13:16] GET /api/users/get/users?t=1752925396567 - 200 (132ms)
[2025-07-19 17:13:16] GET /api/tasks/get/tasks?t=1752925396645 - 200 (59ms)
[2025-07-19 17:13:17] GET /api/projects/get/projects?t=1752925397524 - 200 (226ms)
[2025-07-19 17:13:17] GET /api/projects/get/projects?t=1752925397528 - 200 (273ms)
[2025-07-19 17:13:18] GET /api/users/get/users?t=1752925397530 - 200 (458ms)
[2025-07-19 17:13:18] GET /api/tasks/get/tasks?t=1752925397854 - 200 (67ms)
[2025-07-19 17:15:22] GET /api/tasks/get/tasks?t=1752925521371 - 200 (255ms)
[2025-07-19 17:15:22] GET /api/projects/get/projects?t=1752925521373 - 200 (227ms)
[2025-07-19 17:15:22] GET /api/tasks/get/counts?t=1752925521384 - 200 (339ms)
[2025-07-19 17:15:22] GET /api/users/get/users?t=1752925521374 - 200 (611ms)
[2025-07-19 17:15:22] GET /api/tasks/get/tasks?t=1752925521437 - 200 (69ms)
[2025-07-19 17:15:26] GET /api/departments/get/departments - 304 (35ms)
[2025-07-19 17:15:26] GET /api/users/get/users?t=1752925526226 - 200 (52ms)
[2025-07-19 17:15:56] GET /api/departments/get/departments - 304 (22ms)
[2025-07-19 17:15:56] GET /api/users/get/users?t=1752925556936 - 200 (32ms)
[2025-07-19 17:20:27] GET /api/departments/get/departments - 304 (14ms)
[2025-07-19 17:20:27] GET /api/users/get/users?t=1752925826987 - 200 (71ms)
[2025-07-19 17:24:20] GET /api/departments/get/departments - 304 (26ms)
[2025-07-19 17:24:20] GET /api/users/get/users?t=1752926060684 - 200 (31ms)
[2025-07-19 17:26:17] GET /api/departments/get/departments - 304 (73ms)
[2025-07-19 17:26:17] GET /api/users/get/users?t=1752926177309 - 200 (82ms)
[2025-07-19 17:26:39] GET /api/departments/get/departments - 304 (103ms)
[2025-07-19 17:27:09] GET /api/departments/get/departments - 304 (69ms)
[2025-07-19 17:27:31] GET /api/projects/get/projects?t=1752926251760 - 200 (46ms)
[2025-07-19 17:27:32] GET /api/projects/get/projects?t=1752926251762 - 200 (79ms)
[2025-07-19 17:27:32] GET /api/users/get/users?t=1752926251764 - 200 (89ms)
[2025-07-19 17:27:32] GET /api/tasks/get/tasks?t=1752926251994 - 200 (34ms)
[2025-07-19 17:29:21] GET /api/projects/get/projects?t=1752926361196 - 200 (12ms)
[2025-07-19 17:29:21] GET /api/projects/get/projects?t=1752926361198 - 200 (17ms)
[2025-07-19 17:29:21] GET /api/users/get/users?t=1752926361201 - 200 (17ms)
[2025-07-19 17:29:21] GET /api/tasks/get/tasks?t=1752926361382 - 200 (18ms)
[2025-07-19 17:29:36] GET /api/departments/get/departments?t=1752926375969 - 200 (60ms)
[2025-07-19 17:31:12] GET /api/projects/get/projects?t=1752926472651 - 200 (13ms)
[2025-07-19 17:31:12] GET /api/projects/get/projects?t=1752926472653 - 200 (13ms)
[2025-07-19 17:31:12] GET /api/users/get/users?t=1752926472654 - 200 (58ms)
[2025-07-19 17:31:13] GET /api/tasks/get/tasks?t=1752926472894 - 200 (88ms)
[2025-07-19 17:31:14] GET /api/tasks/get/tasks?t=1752926474196 - 200 (170ms)
[2025-07-19 17:31:14] GET /api/tasks/get/counts?t=1752926474201 - 200 (180ms)
[2025-07-19 17:31:14] GET /api/projects/get/projects?t=1752926474197 - 200 (98ms)
[2025-07-19 17:31:14] GET /api/tasks/get/tasks?t=1752926474261 - 200 (132ms)
[2025-07-19 17:31:14] GET /api/users/get/users?t=1752926474199 - 200 (313ms)
[2025-07-19 17:31:16] GET /api/users/get/users?t=1752926475820 - 200 (23ms)
[2025-07-19 17:31:16] GET /api/departments/get/departments?t=1752926475823 - 200 (70ms)
[2025-07-19 17:31:16] GET /api/departments/get/departments?t=1752926476648 - 200 (66ms)
[2025-07-19 18:21:54] GET /api/departments/get/departments?t=1752929514521 - 200 (20ms)
[2025-07-19 18:22:20] GET /api/departments/get/departments?t=1752929540313 - 200 (22ms)
[2025-07-19 18:22:24] PUT /api/departments/put/departments/17?t=1752929544471 - 200 (194ms)
[2025-07-19 18:22:24] GET /api/departments/get/departments?t=1752929544746 - 200 (53ms)
[2025-07-19 18:25:04] GET /api/projects/get/projects?t=1752929704217 - 200 (27ms)
[2025-07-19 18:25:04] GET /api/projects/get/projects?t=1752929704218 - 200 (9ms)
[2025-07-19 18:25:04] GET /api/tasks/get/tasks?t=1752929704304 - 200 (46ms)
[2025-07-19 18:25:04] GET /api/users/get/users?t=1752929704219 - 200 (118ms)
